<testsuites id="" name="" tests="60" failures="5" skipped="55" errors="0" time="14.773781">
<testsuite name="user-workflows.spec.ts" timestamp="2025-07-27T17:06:32.106Z" hostname="chromium" tests="12" failures="1" skipped="11" time="0" errors="0">
<testcase name="FAQ Demo E2E Tests › User Authentication Flow › should display sign-in prompt for unauthenticated users" classname="user-workflows.spec.ts" time="0">
<failure message="user-workflows.spec.ts:21:9 should display sign-in prompt for unauthenticated users" type="FAILURE">
<![CDATA[  [chromium] › user-workflows.spec.ts:21:9 › FAQ Demo E2E Tests › User Authentication Flow › should display sign-in prompt for unauthenticated users 

    Error: browserType.launch: Executable doesn't exist at /home/runner/.cache/ms-playwright/chromium_headless_shell-1181/chrome-linux/headless_shell
    ╔═════════════════════════════════════════════════════════════════════════╗
    ║ Looks like Playwright Test or Playwright was just installed or updated. ║
    ║ Please run the following command to download new browsers:              ║
    ║                                                                         ║
    ║     npx playwright install                                              ║
    ║                                                                         ║
    ║ <3 Playwright Team                                                      ║
    ╚═════════════════════════════════════════════════════════════════════════╝

    TypeError: Cannot read properties of undefined (reading 'close')

      15 |
      16 |   test.afterAll(async () => {
    > 17 |     await context.close();
         |                   ^
      18 |   });
      19 |
      20 |   test.describe('User Authentication Flow', () => {
        at /home/runner/work/primr-faq-demo/primr-faq-demo/tests/e2e/user-workflows.spec.ts:17:19

    Retry #1 ───────────────────────────────────────────────────────────────────────────────────────

    Error: browserType.launch: Executable doesn't exist at /home/runner/.cache/ms-playwright/chromium_headless_shell-1181/chrome-linux/headless_shell
    ╔═════════════════════════════════════════════════════════════════════════╗
    ║ Looks like Playwright Test or Playwright was just installed or updated. ║
    ║ Please run the following command to download new browsers:              ║
    ║                                                                         ║
    ║     npx playwright install                                              ║
    ║                                                                         ║
    ║ <3 Playwright Team                                                      ║
    ╚═════════════════════════════════════════════════════════════════════════╝

    TypeError: Cannot read properties of undefined (reading 'close')

      15 |
      16 |   test.afterAll(async () => {
    > 17 |     await context.close();
         |                   ^
      18 |   });
      19 |
      20 |   test.describe('User Authentication Flow', () => {
        at /home/runner/work/primr-faq-demo/primr-faq-demo/tests/e2e/user-workflows.spec.ts:17:19

    attachment #1: trace (application/zip) ─────────────────────────────────────────────────────────
    ../../test-results/user-workflows-FAQ-Demo-E2-0eab2-t-for-unauthenticated-users-chromium-retry1/trace.zip
    Usage:

        npx playwright show-trace ../../test-results/user-workflows-FAQ-Demo-E2-0eab2-t-for-unauthenticated-users-chromium-retry1/trace.zip

    ────────────────────────────────────────────────────────────────────────────────────────────────

    Retry #2 ───────────────────────────────────────────────────────────────────────────────────────

    Error: browserType.launch: Executable doesn't exist at /home/runner/.cache/ms-playwright/chromium_headless_shell-1181/chrome-linux/headless_shell
    ╔═════════════════════════════════════════════════════════════════════════╗
    ║ Looks like Playwright Test or Playwright was just installed or updated. ║
    ║ Please run the following command to download new browsers:              ║
    ║                                                                         ║
    ║     npx playwright install                                              ║
    ║                                                                         ║
    ║ <3 Playwright Team                                                      ║
    ╚═════════════════════════════════════════════════════════════════════════╝

    TypeError: Cannot read properties of undefined (reading 'close')

      15 |
      16 |   test.afterAll(async () => {
    > 17 |     await context.close();
         |                   ^
      18 |   });
      19 |
      20 |   test.describe('User Authentication Flow', () => {
        at /home/runner/work/primr-faq-demo/primr-faq-demo/tests/e2e/user-workflows.spec.ts:17:19
]]>
</failure>
<system-out>
<![CDATA[
[[ATTACHMENT|user-workflows-FAQ-Demo-E2-0eab2-t-for-unauthenticated-users-chromium-retry1/trace.zip]]
]]>
</system-out>
</testcase>
<testcase name="FAQ Demo E2E Tests › User Authentication Flow › should redirect to sign-in when accessing protected features" classname="user-workflows.spec.ts" time="0">
<skipped>
</skipped>
</testcase>
<testcase name="FAQ Demo E2E Tests › Event Management Workflow › should create a new event" classname="user-workflows.spec.ts" time="0">
<skipped>
</skipped>
</testcase>
<testcase name="FAQ Demo E2E Tests › Event Management Workflow › should select an existing event" classname="user-workflows.spec.ts" time="0">
<skipped>
</skipped>
</testcase>
<testcase name="FAQ Demo E2E Tests › Document Upload Workflow › should upload a document successfully" classname="user-workflows.spec.ts" time="0">
<skipped>
</skipped>
</testcase>
<testcase name="FAQ Demo E2E Tests › Document Upload Workflow › should display error for invalid file types" classname="user-workflows.spec.ts" time="0">
<skipped>
</skipped>
</testcase>
<testcase name="FAQ Demo E2E Tests › FAQ Interaction Workflow › should ask a question and receive an answer" classname="user-workflows.spec.ts" time="0">
<skipped>
</skipped>
</testcase>
<testcase name="FAQ Demo E2E Tests › FAQ Interaction Workflow › should handle FAQ API errors gracefully" classname="user-workflows.spec.ts" time="0">
<skipped>
</skipped>
</testcase>
<testcase name="FAQ Demo E2E Tests › Chat History Workflow › should display chat history" classname="user-workflows.spec.ts" time="0">
<skipped>
</skipped>
</testcase>
<testcase name="FAQ Demo E2E Tests › Chat History Workflow › should clear chat history" classname="user-workflows.spec.ts" time="0">
<skipped>
</skipped>
</testcase>
<testcase name="FAQ Demo E2E Tests › Responsive Design › should work on mobile devices" classname="user-workflows.spec.ts" time="0">
<skipped>
</skipped>
</testcase>
<testcase name="FAQ Demo E2E Tests › Responsive Design › should work on tablet devices" classname="user-workflows.spec.ts" time="0">
<skipped>
</skipped>
</testcase>
</testsuite>
<testsuite name="user-workflows.spec.ts" timestamp="2025-07-27T17:06:32.106Z" hostname="firefox" tests="12" failures="1" skipped="11" time="0" errors="0">
<testcase name="FAQ Demo E2E Tests › User Authentication Flow › should display sign-in prompt for unauthenticated users" classname="user-workflows.spec.ts" time="0">
<failure message="user-workflows.spec.ts:21:9 should display sign-in prompt for unauthenticated users" type="FAILURE">
<![CDATA[  [firefox] › user-workflows.spec.ts:21:9 › FAQ Demo E2E Tests › User Authentication Flow › should display sign-in prompt for unauthenticated users 

    Error: browserType.launch: Executable doesn't exist at /home/runner/.cache/ms-playwright/firefox-1489/firefox/firefox
    ╔═════════════════════════════════════════════════════════════════════════╗
    ║ Looks like Playwright Test or Playwright was just installed or updated. ║
    ║ Please run the following command to download new browsers:              ║
    ║                                                                         ║
    ║     npx playwright install                                              ║
    ║                                                                         ║
    ║ <3 Playwright Team                                                      ║
    ╚═════════════════════════════════════════════════════════════════════════╝

    TypeError: Cannot read properties of undefined (reading 'close')

      15 |
      16 |   test.afterAll(async () => {
    > 17 |     await context.close();
         |                   ^
      18 |   });
      19 |
      20 |   test.describe('User Authentication Flow', () => {
        at /home/runner/work/primr-faq-demo/primr-faq-demo/tests/e2e/user-workflows.spec.ts:17:19

    Retry #1 ───────────────────────────────────────────────────────────────────────────────────────

    Error: browserType.launch: Executable doesn't exist at /home/runner/.cache/ms-playwright/firefox-1489/firefox/firefox
    ╔═════════════════════════════════════════════════════════════════════════╗
    ║ Looks like Playwright Test or Playwright was just installed or updated. ║
    ║ Please run the following command to download new browsers:              ║
    ║                                                                         ║
    ║     npx playwright install                                              ║
    ║                                                                         ║
    ║ <3 Playwright Team                                                      ║
    ╚═════════════════════════════════════════════════════════════════════════╝

    TypeError: Cannot read properties of undefined (reading 'close')

      15 |
      16 |   test.afterAll(async () => {
    > 17 |     await context.close();
         |                   ^
      18 |   });
      19 |
      20 |   test.describe('User Authentication Flow', () => {
        at /home/runner/work/primr-faq-demo/primr-faq-demo/tests/e2e/user-workflows.spec.ts:17:19

    attachment #1: trace (application/zip) ─────────────────────────────────────────────────────────
    ../../test-results/user-workflows-FAQ-Demo-E2-0eab2-t-for-unauthenticated-users-firefox-retry1/trace.zip
    Usage:

        npx playwright show-trace ../../test-results/user-workflows-FAQ-Demo-E2-0eab2-t-for-unauthenticated-users-firefox-retry1/trace.zip

    ────────────────────────────────────────────────────────────────────────────────────────────────

    Retry #2 ───────────────────────────────────────────────────────────────────────────────────────

    Error: browserType.launch: Executable doesn't exist at /home/runner/.cache/ms-playwright/firefox-1489/firefox/firefox
    ╔═════════════════════════════════════════════════════════════════════════╗
    ║ Looks like Playwright Test or Playwright was just installed or updated. ║
    ║ Please run the following command to download new browsers:              ║
    ║                                                                         ║
    ║     npx playwright install                                              ║
    ║                                                                         ║
    ║ <3 Playwright Team                                                      ║
    ╚═════════════════════════════════════════════════════════════════════════╝

    TypeError: Cannot read properties of undefined (reading 'close')

      15 |
      16 |   test.afterAll(async () => {
    > 17 |     await context.close();
         |                   ^
      18 |   });
      19 |
      20 |   test.describe('User Authentication Flow', () => {
        at /home/runner/work/primr-faq-demo/primr-faq-demo/tests/e2e/user-workflows.spec.ts:17:19
]]>
</failure>
<system-out>
<![CDATA[
[[ATTACHMENT|user-workflows-FAQ-Demo-E2-0eab2-t-for-unauthenticated-users-firefox-retry1/trace.zip]]
]]>
</system-out>
</testcase>
<testcase name="FAQ Demo E2E Tests › User Authentication Flow › should redirect to sign-in when accessing protected features" classname="user-workflows.spec.ts" time="0">
<skipped>
</skipped>
</testcase>
<testcase name="FAQ Demo E2E Tests › Event Management Workflow › should create a new event" classname="user-workflows.spec.ts" time="0">
<skipped>
</skipped>
</testcase>
<testcase name="FAQ Demo E2E Tests › Event Management Workflow › should select an existing event" classname="user-workflows.spec.ts" time="0">
<skipped>
</skipped>
</testcase>
<testcase name="FAQ Demo E2E Tests › Document Upload Workflow › should upload a document successfully" classname="user-workflows.spec.ts" time="0">
<skipped>
</skipped>
</testcase>
<testcase name="FAQ Demo E2E Tests › Document Upload Workflow › should display error for invalid file types" classname="user-workflows.spec.ts" time="0">
<skipped>
</skipped>
</testcase>
<testcase name="FAQ Demo E2E Tests › FAQ Interaction Workflow › should ask a question and receive an answer" classname="user-workflows.spec.ts" time="0">
<skipped>
</skipped>
</testcase>
<testcase name="FAQ Demo E2E Tests › FAQ Interaction Workflow › should handle FAQ API errors gracefully" classname="user-workflows.spec.ts" time="0">
<skipped>
</skipped>
</testcase>
<testcase name="FAQ Demo E2E Tests › Chat History Workflow › should display chat history" classname="user-workflows.spec.ts" time="0">
<skipped>
</skipped>
</testcase>
<testcase name="FAQ Demo E2E Tests › Chat History Workflow › should clear chat history" classname="user-workflows.spec.ts" time="0">
<skipped>
</skipped>
</testcase>
<testcase name="FAQ Demo E2E Tests › Responsive Design › should work on mobile devices" classname="user-workflows.spec.ts" time="0">
<skipped>
</skipped>
</testcase>
<testcase name="FAQ Demo E2E Tests › Responsive Design › should work on tablet devices" classname="user-workflows.spec.ts" time="0">
<skipped>
</skipped>
</testcase>
</testsuite>
<testsuite name="user-workflows.spec.ts" timestamp="2025-07-27T17:06:32.106Z" hostname="webkit" tests="12" failures="1" skipped="11" time="0" errors="0">
<testcase name="FAQ Demo E2E Tests › User Authentication Flow › should display sign-in prompt for unauthenticated users" classname="user-workflows.spec.ts" time="0">
<failure message="user-workflows.spec.ts:21:9 should display sign-in prompt for unauthenticated users" type="FAILURE">
<![CDATA[  [webkit] › user-workflows.spec.ts:21:9 › FAQ Demo E2E Tests › User Authentication Flow › should display sign-in prompt for unauthenticated users 

    Error: browserType.launch: Executable doesn't exist at /home/runner/.cache/ms-playwright/webkit-2191/pw_run.sh
    ╔═════════════════════════════════════════════════════════════════════════╗
    ║ Looks like Playwright Test or Playwright was just installed or updated. ║
    ║ Please run the following command to download new browsers:              ║
    ║                                                                         ║
    ║     npx playwright install                                              ║
    ║                                                                         ║
    ║ <3 Playwright Team                                                      ║
    ╚═════════════════════════════════════════════════════════════════════════╝

    TypeError: Cannot read properties of undefined (reading 'close')

      15 |
      16 |   test.afterAll(async () => {
    > 17 |     await context.close();
         |                   ^
      18 |   });
      19 |
      20 |   test.describe('User Authentication Flow', () => {
        at /home/runner/work/primr-faq-demo/primr-faq-demo/tests/e2e/user-workflows.spec.ts:17:19

    Retry #1 ───────────────────────────────────────────────────────────────────────────────────────

    Error: browserType.launch: Executable doesn't exist at /home/runner/.cache/ms-playwright/webkit-2191/pw_run.sh
    ╔═════════════════════════════════════════════════════════════════════════╗
    ║ Looks like Playwright Test or Playwright was just installed or updated. ║
    ║ Please run the following command to download new browsers:              ║
    ║                                                                         ║
    ║     npx playwright install                                              ║
    ║                                                                         ║
    ║ <3 Playwright Team                                                      ║
    ╚═════════════════════════════════════════════════════════════════════════╝

    TypeError: Cannot read properties of undefined (reading 'close')

      15 |
      16 |   test.afterAll(async () => {
    > 17 |     await context.close();
         |                   ^
      18 |   });
      19 |
      20 |   test.describe('User Authentication Flow', () => {
        at /home/runner/work/primr-faq-demo/primr-faq-demo/tests/e2e/user-workflows.spec.ts:17:19

    attachment #1: trace (application/zip) ─────────────────────────────────────────────────────────
    ../../test-results/user-workflows-FAQ-Demo-E2-0eab2-t-for-unauthenticated-users-webkit-retry1/trace.zip
    Usage:

        npx playwright show-trace ../../test-results/user-workflows-FAQ-Demo-E2-0eab2-t-for-unauthenticated-users-webkit-retry1/trace.zip

    ────────────────────────────────────────────────────────────────────────────────────────────────

    Retry #2 ───────────────────────────────────────────────────────────────────────────────────────

    Error: browserType.launch: Executable doesn't exist at /home/runner/.cache/ms-playwright/webkit-2191/pw_run.sh
    ╔═════════════════════════════════════════════════════════════════════════╗
    ║ Looks like Playwright Test or Playwright was just installed or updated. ║
    ║ Please run the following command to download new browsers:              ║
    ║                                                                         ║
    ║     npx playwright install                                              ║
    ║                                                                         ║
    ║ <3 Playwright Team                                                      ║
    ╚═════════════════════════════════════════════════════════════════════════╝

    TypeError: Cannot read properties of undefined (reading 'close')

      15 |
      16 |   test.afterAll(async () => {
    > 17 |     await context.close();
         |                   ^
      18 |   });
      19 |
      20 |   test.describe('User Authentication Flow', () => {
        at /home/runner/work/primr-faq-demo/primr-faq-demo/tests/e2e/user-workflows.spec.ts:17:19
]]>
</failure>
<system-out>
<![CDATA[
[[ATTACHMENT|user-workflows-FAQ-Demo-E2-0eab2-t-for-unauthenticated-users-webkit-retry1/trace.zip]]
]]>
</system-out>
</testcase>
<testcase name="FAQ Demo E2E Tests › User Authentication Flow › should redirect to sign-in when accessing protected features" classname="user-workflows.spec.ts" time="0">
<skipped>
</skipped>
</testcase>
<testcase name="FAQ Demo E2E Tests › Event Management Workflow › should create a new event" classname="user-workflows.spec.ts" time="0">
<skipped>
</skipped>
</testcase>
<testcase name="FAQ Demo E2E Tests › Event Management Workflow › should select an existing event" classname="user-workflows.spec.ts" time="0">
<skipped>
</skipped>
</testcase>
<testcase name="FAQ Demo E2E Tests › Document Upload Workflow › should upload a document successfully" classname="user-workflows.spec.ts" time="0">
<skipped>
</skipped>
</testcase>
<testcase name="FAQ Demo E2E Tests › Document Upload Workflow › should display error for invalid file types" classname="user-workflows.spec.ts" time="0">
<skipped>
</skipped>
</testcase>
<testcase name="FAQ Demo E2E Tests › FAQ Interaction Workflow › should ask a question and receive an answer" classname="user-workflows.spec.ts" time="0">
<skipped>
</skipped>
</testcase>
<testcase name="FAQ Demo E2E Tests › FAQ Interaction Workflow › should handle FAQ API errors gracefully" classname="user-workflows.spec.ts" time="0">
<skipped>
</skipped>
</testcase>
<testcase name="FAQ Demo E2E Tests › Chat History Workflow › should display chat history" classname="user-workflows.spec.ts" time="0">
<skipped>
</skipped>
</testcase>
<testcase name="FAQ Demo E2E Tests › Chat History Workflow › should clear chat history" classname="user-workflows.spec.ts" time="0">
<skipped>
</skipped>
</testcase>
<testcase name="FAQ Demo E2E Tests › Responsive Design › should work on mobile devices" classname="user-workflows.spec.ts" time="0">
<skipped>
</skipped>
</testcase>
<testcase name="FAQ Demo E2E Tests › Responsive Design › should work on tablet devices" classname="user-workflows.spec.ts" time="0">
<skipped>
</skipped>
</testcase>
</testsuite>
<testsuite name="user-workflows.spec.ts" timestamp="2025-07-27T17:06:32.106Z" hostname="Mobile Chrome" tests="12" failures="1" skipped="11" time="0" errors="0">
<testcase name="FAQ Demo E2E Tests › User Authentication Flow › should display sign-in prompt for unauthenticated users" classname="user-workflows.spec.ts" time="0">
<failure message="user-workflows.spec.ts:21:9 should display sign-in prompt for unauthenticated users" type="FAILURE">
<![CDATA[  [Mobile Chrome] › user-workflows.spec.ts:21:9 › FAQ Demo E2E Tests › User Authentication Flow › should display sign-in prompt for unauthenticated users 

    Error: browserType.launch: Executable doesn't exist at /home/runner/.cache/ms-playwright/chromium_headless_shell-1181/chrome-linux/headless_shell
    ╔═════════════════════════════════════════════════════════════════════════╗
    ║ Looks like Playwright Test or Playwright was just installed or updated. ║
    ║ Please run the following command to download new browsers:              ║
    ║                                                                         ║
    ║     npx playwright install                                              ║
    ║                                                                         ║
    ║ <3 Playwright Team                                                      ║
    ╚═════════════════════════════════════════════════════════════════════════╝

    TypeError: Cannot read properties of undefined (reading 'close')

      15 |
      16 |   test.afterAll(async () => {
    > 17 |     await context.close();
         |                   ^
      18 |   });
      19 |
      20 |   test.describe('User Authentication Flow', () => {
        at /home/runner/work/primr-faq-demo/primr-faq-demo/tests/e2e/user-workflows.spec.ts:17:19

    Retry #1 ───────────────────────────────────────────────────────────────────────────────────────

    Error: browserType.launch: Executable doesn't exist at /home/runner/.cache/ms-playwright/chromium_headless_shell-1181/chrome-linux/headless_shell
    ╔═════════════════════════════════════════════════════════════════════════╗
    ║ Looks like Playwright Test or Playwright was just installed or updated. ║
    ║ Please run the following command to download new browsers:              ║
    ║                                                                         ║
    ║     npx playwright install                                              ║
    ║                                                                         ║
    ║ <3 Playwright Team                                                      ║
    ╚═════════════════════════════════════════════════════════════════════════╝

    TypeError: Cannot read properties of undefined (reading 'close')

      15 |
      16 |   test.afterAll(async () => {
    > 17 |     await context.close();
         |                   ^
      18 |   });
      19 |
      20 |   test.describe('User Authentication Flow', () => {
        at /home/runner/work/primr-faq-demo/primr-faq-demo/tests/e2e/user-workflows.spec.ts:17:19

    attachment #1: trace (application/zip) ─────────────────────────────────────────────────────────
    ../../test-results/user-workflows-FAQ-Demo-E2-0eab2-t-for-unauthenticated-users-Mobile-Chrome-retry1/trace.zip
    Usage:

        npx playwright show-trace ../../test-results/user-workflows-FAQ-Demo-E2-0eab2-t-for-unauthenticated-users-Mobile-Chrome-retry1/trace.zip

    ────────────────────────────────────────────────────────────────────────────────────────────────

    Retry #2 ───────────────────────────────────────────────────────────────────────────────────────

    Error: browserType.launch: Executable doesn't exist at /home/runner/.cache/ms-playwright/chromium_headless_shell-1181/chrome-linux/headless_shell
    ╔═════════════════════════════════════════════════════════════════════════╗
    ║ Looks like Playwright Test or Playwright was just installed or updated. ║
    ║ Please run the following command to download new browsers:              ║
    ║                                                                         ║
    ║     npx playwright install                                              ║
    ║                                                                         ║
    ║ <3 Playwright Team                                                      ║
    ╚═════════════════════════════════════════════════════════════════════════╝

    TypeError: Cannot read properties of undefined (reading 'close')

      15 |
      16 |   test.afterAll(async () => {
    > 17 |     await context.close();
         |                   ^
      18 |   });
      19 |
      20 |   test.describe('User Authentication Flow', () => {
        at /home/runner/work/primr-faq-demo/primr-faq-demo/tests/e2e/user-workflows.spec.ts:17:19
]]>
</failure>
<system-out>
<![CDATA[
[[ATTACHMENT|user-workflows-FAQ-Demo-E2-0eab2-t-for-unauthenticated-users-Mobile-Chrome-retry1/trace.zip]]
]]>
</system-out>
</testcase>
<testcase name="FAQ Demo E2E Tests › User Authentication Flow › should redirect to sign-in when accessing protected features" classname="user-workflows.spec.ts" time="0">
<skipped>
</skipped>
</testcase>
<testcase name="FAQ Demo E2E Tests › Event Management Workflow › should create a new event" classname="user-workflows.spec.ts" time="0">
<skipped>
</skipped>
</testcase>
<testcase name="FAQ Demo E2E Tests › Event Management Workflow › should select an existing event" classname="user-workflows.spec.ts" time="0">
<skipped>
</skipped>
</testcase>
<testcase name="FAQ Demo E2E Tests › Document Upload Workflow › should upload a document successfully" classname="user-workflows.spec.ts" time="0">
<skipped>
</skipped>
</testcase>
<testcase name="FAQ Demo E2E Tests › Document Upload Workflow › should display error for invalid file types" classname="user-workflows.spec.ts" time="0">
<skipped>
</skipped>
</testcase>
<testcase name="FAQ Demo E2E Tests › FAQ Interaction Workflow › should ask a question and receive an answer" classname="user-workflows.spec.ts" time="0">
<skipped>
</skipped>
</testcase>
<testcase name="FAQ Demo E2E Tests › FAQ Interaction Workflow › should handle FAQ API errors gracefully" classname="user-workflows.spec.ts" time="0">
<skipped>
</skipped>
</testcase>
<testcase name="FAQ Demo E2E Tests › Chat History Workflow › should display chat history" classname="user-workflows.spec.ts" time="0">
<skipped>
</skipped>
</testcase>
<testcase name="FAQ Demo E2E Tests › Chat History Workflow › should clear chat history" classname="user-workflows.spec.ts" time="0">
<skipped>
</skipped>
</testcase>
<testcase name="FAQ Demo E2E Tests › Responsive Design › should work on mobile devices" classname="user-workflows.spec.ts" time="0">
<skipped>
</skipped>
</testcase>
<testcase name="FAQ Demo E2E Tests › Responsive Design › should work on tablet devices" classname="user-workflows.spec.ts" time="0">
<skipped>
</skipped>
</testcase>
</testsuite>
<testsuite name="user-workflows.spec.ts" timestamp="2025-07-27T17:06:32.106Z" hostname="Mobile Safari" tests="12" failures="1" skipped="11" time="0" errors="0">
<testcase name="FAQ Demo E2E Tests › User Authentication Flow › should display sign-in prompt for unauthenticated users" classname="user-workflows.spec.ts" time="0">
<failure message="user-workflows.spec.ts:21:9 should display sign-in prompt for unauthenticated users" type="FAILURE">
<![CDATA[  [Mobile Safari] › user-workflows.spec.ts:21:9 › FAQ Demo E2E Tests › User Authentication Flow › should display sign-in prompt for unauthenticated users 

    Error: browserType.launch: Executable doesn't exist at /home/runner/.cache/ms-playwright/webkit-2191/pw_run.sh
    ╔═════════════════════════════════════════════════════════════════════════╗
    ║ Looks like Playwright Test or Playwright was just installed or updated. ║
    ║ Please run the following command to download new browsers:              ║
    ║                                                                         ║
    ║     npx playwright install                                              ║
    ║                                                                         ║
    ║ <3 Playwright Team                                                      ║
    ╚═════════════════════════════════════════════════════════════════════════╝

    TypeError: Cannot read properties of undefined (reading 'close')

      15 |
      16 |   test.afterAll(async () => {
    > 17 |     await context.close();
         |                   ^
      18 |   });
      19 |
      20 |   test.describe('User Authentication Flow', () => {
        at /home/runner/work/primr-faq-demo/primr-faq-demo/tests/e2e/user-workflows.spec.ts:17:19

    Retry #1 ───────────────────────────────────────────────────────────────────────────────────────

    Error: browserType.launch: Executable doesn't exist at /home/runner/.cache/ms-playwright/webkit-2191/pw_run.sh
    ╔═════════════════════════════════════════════════════════════════════════╗
    ║ Looks like Playwright Test or Playwright was just installed or updated. ║
    ║ Please run the following command to download new browsers:              ║
    ║                                                                         ║
    ║     npx playwright install                                              ║
    ║                                                                         ║
    ║ <3 Playwright Team                                                      ║
    ╚═════════════════════════════════════════════════════════════════════════╝

    TypeError: Cannot read properties of undefined (reading 'close')

      15 |
      16 |   test.afterAll(async () => {
    > 17 |     await context.close();
         |                   ^
      18 |   });
      19 |
      20 |   test.describe('User Authentication Flow', () => {
        at /home/runner/work/primr-faq-demo/primr-faq-demo/tests/e2e/user-workflows.spec.ts:17:19

    attachment #1: trace (application/zip) ─────────────────────────────────────────────────────────
    ../../test-results/user-workflows-FAQ-Demo-E2-0eab2-t-for-unauthenticated-users-Mobile-Safari-retry1/trace.zip
    Usage:

        npx playwright show-trace ../../test-results/user-workflows-FAQ-Demo-E2-0eab2-t-for-unauthenticated-users-Mobile-Safari-retry1/trace.zip

    ────────────────────────────────────────────────────────────────────────────────────────────────

    Retry #2 ───────────────────────────────────────────────────────────────────────────────────────

    Error: browserType.launch: Executable doesn't exist at /home/runner/.cache/ms-playwright/webkit-2191/pw_run.sh
    ╔═════════════════════════════════════════════════════════════════════════╗
    ║ Looks like Playwright Test or Playwright was just installed or updated. ║
    ║ Please run the following command to download new browsers:              ║
    ║                                                                         ║
    ║     npx playwright install                                              ║
    ║                                                                         ║
    ║ <3 Playwright Team                                                      ║
    ╚═════════════════════════════════════════════════════════════════════════╝

    TypeError: Cannot read properties of undefined (reading 'close')

      15 |
      16 |   test.afterAll(async () => {
    > 17 |     await context.close();
         |                   ^
      18 |   });
      19 |
      20 |   test.describe('User Authentication Flow', () => {
        at /home/runner/work/primr-faq-demo/primr-faq-demo/tests/e2e/user-workflows.spec.ts:17:19
]]>
</failure>
<system-out>
<![CDATA[
[[ATTACHMENT|user-workflows-FAQ-Demo-E2-0eab2-t-for-unauthenticated-users-Mobile-Safari-retry1/trace.zip]]
]]>
</system-out>
</testcase>
<testcase name="FAQ Demo E2E Tests › User Authentication Flow › should redirect to sign-in when accessing protected features" classname="user-workflows.spec.ts" time="0">
<skipped>
</skipped>
</testcase>
<testcase name="FAQ Demo E2E Tests › Event Management Workflow › should create a new event" classname="user-workflows.spec.ts" time="0">
<skipped>
</skipped>
</testcase>
<testcase name="FAQ Demo E2E Tests › Event Management Workflow › should select an existing event" classname="user-workflows.spec.ts" time="0">
<skipped>
</skipped>
</testcase>
<testcase name="FAQ Demo E2E Tests › Document Upload Workflow › should upload a document successfully" classname="user-workflows.spec.ts" time="0">
<skipped>
</skipped>
</testcase>
<testcase name="FAQ Demo E2E Tests › Document Upload Workflow › should display error for invalid file types" classname="user-workflows.spec.ts" time="0">
<skipped>
</skipped>
</testcase>
<testcase name="FAQ Demo E2E Tests › FAQ Interaction Workflow › should ask a question and receive an answer" classname="user-workflows.spec.ts" time="0">
<skipped>
</skipped>
</testcase>
<testcase name="FAQ Demo E2E Tests › FAQ Interaction Workflow › should handle FAQ API errors gracefully" classname="user-workflows.spec.ts" time="0">
<skipped>
</skipped>
</testcase>
<testcase name="FAQ Demo E2E Tests › Chat History Workflow › should display chat history" classname="user-workflows.spec.ts" time="0">
<skipped>
</skipped>
</testcase>
<testcase name="FAQ Demo E2E Tests › Chat History Workflow › should clear chat history" classname="user-workflows.spec.ts" time="0">
<skipped>
</skipped>
</testcase>
<testcase name="FAQ Demo E2E Tests › Responsive Design › should work on mobile devices" classname="user-workflows.spec.ts" time="0">
<skipped>
</skipped>
</testcase>
<testcase name="FAQ Demo E2E Tests › Responsive Design › should work on tablet devices" classname="user-workflows.spec.ts" time="0">
<skipped>
</skipped>
</testcase>
</testsuite>
</testsuites>